<?xml version="1.0" encoding="UTF-8"?>
<!-- Generated by org.testng.reporters.JUnitXMLReporter -->
<testsuite ignored="0" hostname="kazeem" failures="1" tests="6" name="Test" time="76.537" errors="0" timestamp="2023-06-19T21:02:38 BST">
  <testcase classname="Testcase.addfunds" name="Verifyusercanwithdraw" time="12.519">
    <failure type="org.openqa.selenium.ElementNotInteractableException" message="element not interactable
  (Session info: chrome=114.0.5735.134)
Build info: version: &amp;apos;4.10.0&amp;apos;, revision: &amp;apos;c14d967899&amp;apos;
System info: os.name: &amp;apos;Windows 10&amp;apos;, os.arch: &amp;apos;amd64&amp;apos;, os.version: &amp;apos;10.0&amp;apos;, java.version: &amp;apos;17.0.5&amp;apos;
Driver info: org.openqa.selenium.chrome.ChromeDriver
Command: [f7187e7f97a324508713e16cf3569ef8, sendKeysToElement {id=0E884A4184B54607A9958FA9721151B8_element_34, value=[Ljava.lang.CharSequence;@3bae64d0}]
Capabilities {acceptInsecureCerts: false, browserName: chrome, browserVersion: 114.0.5735.134, chrome: {chromedriverVersion: 114.0.5735.90 (386bc09e8f4f..., userDataDir: C:\Users\AAA\AppData\Local\...}, goog:chromeOptions: {debuggerAddress: localhost:64261}, networkConnectionEnabled: false, pageLoadStrategy: normal, platformName: windows, proxy: Proxy(), se:cdp: ws://localhost:64261/devtoo..., se:cdpVersion: 114.0.5735.134, setWindowRect: true, strictFileInteractability: false, timeouts: {implicit: 0, pageLoad: 300000, script: 30000}, unhandledPromptBehavior: dismiss and notify, webauthn:extension:credBlob: true, webauthn:extension:largeBlob: true, webauthn:extension:minPinLength: true, webauthn:extension:prf: true, webauthn:virtualAuthenticators: true}
Element: [[ChromeDriver: chrome on windows (f7187e7f97a324508713e16cf3569ef8)] -&amp;gt; xpath: //*[@id=&amp;quot;root&amp;quot;]/div[2]/div[3]/div[2]/div/form/div[3]/div/label[1]]
Session ID: f7187e7f97a324508713e16cf3569ef8">
      <![CDATA[org.openqa.selenium.ElementNotInteractableException: element not interactable
  (Session info: chrome=114.0.5735.134)
Build info: version: '4.10.0', revision: 'c14d967899'
System info: os.name: 'Windows 10', os.arch: 'amd64', os.version: '10.0', java.version: '17.0.5'
Driver info: org.openqa.selenium.chrome.ChromeDriver
Command: [f7187e7f97a324508713e16cf3569ef8, sendKeysToElement {id=0E884A4184B54607A9958FA9721151B8_element_34, value=[Ljava.lang.CharSequence;@3bae64d0}]
Capabilities {acceptInsecureCerts: false, browserName: chrome, browserVersion: 114.0.5735.134, chrome: {chromedriverVersion: 114.0.5735.90 (386bc09e8f4f..., userDataDir: C:\Users\AAA\AppData\Local\...}, goog:chromeOptions: {debuggerAddress: localhost:64261}, networkConnectionEnabled: false, pageLoadStrategy: normal, platformName: windows, proxy: Proxy(), se:cdp: ws://localhost:64261/devtoo..., se:cdpVersion: 114.0.5735.134, setWindowRect: true, strictFileInteractability: false, timeouts: {implicit: 0, pageLoad: 300000, script: 30000}, unhandledPromptBehavior: dismiss and notify, webauthn:extension:credBlob: true, webauthn:extension:largeBlob: true, webauthn:extension:minPinLength: true, webauthn:extension:prf: true, webauthn:virtualAuthenticators: true}
Element: [[ChromeDriver: chrome on windows (f7187e7f97a324508713e16cf3569ef8)] -> xpath: //*[@id="root"]/div[2]/div[3]/div[2]/div/form/div[3]/div/label[1]]
Session ID: f7187e7f97a324508713e16cf3569ef8
at org.openqa.selenium.remote.codec.w3c.W3CHttpResponseCodec.createException(W3CHttpResponseCodec.java:199)
at org.openqa.selenium.remote.codec.w3c.W3CHttpResponseCodec.decode(W3CHttpResponseCodec.java:132)
at org.openqa.selenium.remote.codec.w3c.W3CHttpResponseCodec.decode(W3CHttpResponseCodec.java:51)
at org.openqa.selenium.remote.HttpCommandExecutor.execute(HttpCommandExecutor.java:191)
at org.openqa.selenium.remote.service.DriverCommandExecutor.invokeExecute(DriverCommandExecutor.java:196)
at org.openqa.selenium.remote.service.DriverCommandExecutor.execute(DriverCommandExecutor.java:171)
at org.openqa.selenium.remote.RemoteWebDriver.execute(RemoteWebDriver.java:531)
at org.openqa.selenium.remote.RemoteWebElement.execute(RemoteWebElement.java:242)
at org.openqa.selenium.remote.RemoteWebElement.sendKeys(RemoteWebElement.java:111)
at Testcase.addfunds.Verifyusercanwithdraw(addfunds.java:109)
at java.base/java.util.ArrayList.forEach(ArrayList.java:1511)
... Removed 32 stack frames]]>
    </failure>
  </testcase> <!-- Verifyusercanwithdraw -->
  <testcase classname="Testcase.addfunds" name="verifyUserCanTopUp" time="13.643"/>
  <testcase classname="Testcase.giveLoan" name="verifyGiveLoan" time="20.946"/>
  <testcase classname="Testcase.Login" name="VerifyLoginwithinvalidDetails" time="3.693"/>
  <testcase classname="Testcase.Login" name="verifyforgetpasscode" time="4.122"/>
  <testcase classname="Testcase.Login" name="verifyloginWithValiddetails" time="5.022"/>
</testsuite> <!-- Test -->
